Team code on serial 0: RA
Team code on serial 1: HF
>> RA  vs HF * 
----------------- Available Tiles -----------------
          a b c d e f g h i j k l m n o p q r s t u
Player 1: 1 1 1 1 1 1 1 1 1 1 1 1 1 1 1 1 1 1 1 1 1
Player 2: 1 1 1 1 1 1 1 1 1 1 1 1 1 1 1 1 1 1 1 1 1
---------------------- Board ----------------------
   0 1 2 3 4 5 6 7 8 9 a b c d e f
 0 + + + + + + + + + + + + + + + +
 1 +                             +
 2 +                             +
 3 +                             +
 4 +                             +
 5 +                             +
 6 +                             +
 7 +                             +
 8 +                             +
 9 +                             +
 a +                             +
 b +                             +
 c +                             +
 d +                             +
 e +                             +
 f + + + + + + + + + + + + + + + +
---------------------------------------------------
turn 0: must cover (a,a)
no prev code
TURN+1=1
serial prompt string: 2A (2 bytes)
(got from serial 1: 99t4)
----------------- Available Tiles -----------------
          a b c d e f g h i j k l m n o p q r s t u
Player 1: 1 1 1 1 1 1 1 1 1 1 1 1 1 1 1 1 1 1 1 1 1
Player 2: 1 1 1 1 1 1 1 1 1 1 1 1 1 1 1 1 1 1 1 0 1
---------------------- Board ----------------------
   0 1 2 3 4 5 6 7 8 9 a b c d e f
 0 + + + + + + + + + + + + + + + +
 1 +                             +
 2 +                             +
 3 +                             +
 4 +                             +
 5 +                             +
 6 +                             +
 7 +                             +
 8 +                 2           +
 9 +               2 2 2         +
 a +                   2         +
 b +                             +
 c +                             +
 d +                             +
 e +                             +
 f + + + + + + + + + + + + + + + +
---------------------------------------------------
turn 1
prev code = 99t4
TURN+1=2
serial prompt string: 3599t4 (6 bytes)
(got from serial 0: 56u4)
----------------- Available Tiles -----------------
          a b c d e f g h i j k l m n o p q r s t u
Player 1: 1 1 1 1 1 1 1 1 1 1 1 1 1 1 1 1 1 1 1 1 0
Player 2: 1 1 1 1 1 1 1 1 1 1 1 1 1 1 1 1 1 1 1 0 1
---------------------- Board ----------------------
   0 1 2 3 4 5 6 7 8 9 a b c d e f
 0 + + + + + + + + + + + + + + + +
 1 +                             +
 2 +                             +
 3 +                             +
 4 +                             +
 5 +         1                   +
 6 +       1 1 1                 +
 7 +         1                   +
 8 +                 2           +
 9 +               2 2 2         +
 a +                   2         +
 b +                             +
 c +                             +
 d +                             +
 e +                             +
 f + + + + + + + + + + + + + + + +
---------------------------------------------------
turn 2
prev code = 56u4
TURN+1=3
serial prompt string: 456u4 (5 bytes)
(got from serial 1: 68r2)
----------------- Available Tiles -----------------
          a b c d e f g h i j k l m n o p q r s t u
Player 1: 1 1 1 1 1 1 1 1 1 1 1 1 1 1 1 1 1 1 1 1 0
Player 2: 1 1 1 1 1 1 1 1 1 1 1 1 1 1 1 1 1 0 1 0 1
---------------------- Board ----------------------
   0 1 2 3 4 5 6 7 8 9 a b c d e f
 0 + + + + + + + + + + + + + + + +
 1 +                             +
 2 +                             +
 3 +                             +
 4 +                             +
 5 +         1                   +
 6 +       1 1 1                 +
 7 +         1   2               +
 8 +           2 2   2           +
 9 +         2 2   2 2 2         +
 a +                   2         +
 b +                             +
 c +                             +
 d +                             +
 e +                             +
 f + + + + + + + + + + + + + + + +
---------------------------------------------------
turn 3
prev code = 68r2
TURN+1=4
serial prompt string: 468r2 (5 bytes)
(got from serial 0: 4ak1)
----------------- Available Tiles -----------------
          a b c d e f g h i j k l m n o p q r s t u
Player 1: 1 1 1 1 1 1 1 1 1 1 0 1 1 1 1 1 1 1 1 1 0
Player 2: 1 1 1 1 1 1 1 1 1 1 1 1 1 1 1 1 1 0 1 0 1
---------------------- Board ----------------------
   0 1 2 3 4 5 6 7 8 9 a b c d e f
 0 + + + + + + + + + + + + + + + +
 1 +                             +
 2 +                             +
 3 +                             +
 4 +                             +
 5 +         1                   +
 6 +       1 1 1                 +
 7 +         1   2               +
 8 +       1   2 2   2           +
 9 +       1 2 2   2 2 2         +
 a +       1           2         +
 b +       1 1                   +
 c +                             +
 d +                             +
 e +                             +
 f + + + + + + + + + + + + + + + +
---------------------------------------------------
turn 4
prev code = 4ak1
TURN+1=5
serial prompt string: 44ak1 (5 bytes)
(got from serial 1: 7cq6)
----------------- Available Tiles -----------------
          a b c d e f g h i j k l m n o p q r s t u
Player 1: 1 1 1 1 1 1 1 1 1 1 0 1 1 1 1 1 1 1 1 1 0
Player 2: 1 1 1 1 1 1 1 1 1 1 1 1 1 1 1 1 0 0 1 0 1
---------------------- Board ----------------------
   0 1 2 3 4 5 6 7 8 9 a b c d e f
 0 + + + + + + + + + + + + + + + +
 1 +                             +
 2 +                             +
 3 +                             +
 4 +                             +
 5 +         1                   +
 6 +       1 1 1                 +
 7 +         1   2               +
 8 +       1   2 2   2           +
 9 +       1 2 2   2 2 2         +
 a +       1     2     2         +
 b +       1 1   2               +
 c +         2 2 2               +
 d +                             +
 e +                             +
 f + + + + + + + + + + + + + + + +
---------------------------------------------------
turn 5
prev code = 7cq6
TURN+1=6
serial prompt string: 47cq6 (5 bytes)
(got from serial 0: 86s3)
----------------- Available Tiles -----------------
          a b c d e f g h i j k l m n o p q r s t u
Player 1: 1 1 1 1 1 1 1 1 1 1 0 1 1 1 1 1 1 1 0 1 0
Player 2: 1 1 1 1 1 1 1 1 1 1 1 1 1 1 1 1 0 0 1 0 1
---------------------- Board ----------------------
   0 1 2 3 4 5 6 7 8 9 a b c d e f
 0 + + + + + + + + + + + + + + + +
 1 +                             +
 2 +                             +
 3 +                             +
 4 +                             +
 5 +         1   1 1             +
 6 +       1 1 1   1             +
 7 +         1   2 1 1           +
 8 +       1   2 2   2           +
 9 +       1 2 2   2 2 2         +
 a +       1     2     2         +
 b +       1 1   2               +
 c +         2 2 2               +
 d +                             +
 e +                             +
 f + + + + + + + + + + + + + + + +
---------------------------------------------------
turn 6
prev code = 86s3
TURN+1=7
serial prompt string: 486s3 (5 bytes)
(got from serial 1: b7s3)
----------------- Available Tiles -----------------
          a b c d e f g h i j k l m n o p q r s t u
Player 1: 1 1 1 1 1 1 1 1 1 1 0 1 1 1 1 1 1 1 0 1 0
Player 2: 1 1 1 1 1 1 1 1 1 1 1 1 1 1 1 1 0 0 0 0 1
---------------------- Board ----------------------
   0 1 2 3 4 5 6 7 8 9 a b c d e f
 0 + + + + + + + + + + + + + + + +
 1 +                             +
 2 +                             +
 3 +                             +
 4 +                             +
 5 +         1   1 1             +
 6 +       1 1 1   1   2 2       +
 7 +         1   2 1 1   2       +
 8 +       1   2 2   2   2 2     +
 9 +       1 2 2   2 2 2         +
 a +       1     2     2         +
 b +       1 1   2               +
 c +         2 2 2               +
 d +                             +
 e +                             +
 f + + + + + + + + + + + + + + + +
---------------------------------------------------
turn 7
prev code = b7s3
TURN+1=8
serial prompt string: 4b7s3 (5 bytes)
(got from serial 0: 4dr3)
----------------- Available Tiles -----------------
          a b c d e f g h i j k l m n o p q r s t u
Player 1: 1 1 1 1 1 1 1 1 1 1 0 1 1 1 1 1 1 0 0 1 0
Player 2: 1 1 1 1 1 1 1 1 1 1 1 1 1 1 1 1 0 0 0 0 1
---------------------- Board ----------------------
   0 1 2 3 4 5 6 7 8 9 a b c d e f
 0 + + + + + + + + + + + + + + + +
 1 +                             +
 2 +                             +
 3 +                             +
 4 +                             +
 5 +         1   1 1             +
 6 +       1 1 1   1   2 2       +
 7 +         1   2 1 1   2       +
 8 +       1   2 2   2   2 2     +
 9 +       1 2 2   2 2 2         +
 a +       1     2     2         +
 b +       1 1   2               +
 c +     1   2 2 2               +
 d +     1 1                     +
 e +       1 1                   +
 f + + + + + + + + + + + + + + + +
---------------------------------------------------
turn 8
prev code = 4dr3
TURN+1=9
serial prompt string: 44dr3 (5 bytes)
(got from serial 1: 94m5)
----------------- Available Tiles -----------------
          a b c d e f g h i j k l m n o p q r s t u
Player 1: 1 1 1 1 1 1 1 1 1 1 0 1 1 1 1 1 1 0 0 1 0
Player 2: 1 1 1 1 1 1 1 1 1 1 1 1 0 1 1 1 0 0 0 0 1
---------------------- Board ----------------------
   0 1 2 3 4 5 6 7 8 9 a b c d e f
 0 + + + + + + + + + + + + + + + +
 1 +                             +
 2 +                             +
 3 +               2 2           +
 4 +               2 2           +
 5 +         1   1 1 2           +
 6 +       1 1 1   1   2 2       +
 7 +         1   2 1 1   2       +
 8 +       1   2 2   2   2 2     +
 9 +       1 2 2   2 2 2         +
 a +       1     2     2         +
 b +       1 1   2               +
 c +     1   2 2 2               +
 d +     1 1                     +
 e +       1 1                   +
 f + + + + + + + + + + + + + + + +
---------------------------------------------------
turn 9
prev code = 94m5
TURN+1=10
serial prompt string: 494m5 (5 bytes)
(got from serial 0: 53p3)
----------------- Available Tiles -----------------
          a b c d e f g h i j k l m n o p q r s t u
Player 1: 1 1 1 1 1 1 1 1 1 1 0 1 1 1 1 0 1 0 0 1 0
Player 2: 1 1 1 1 1 1 1 1 1 1 1 1 0 1 1 1 0 0 0 0 1
---------------------- Board ----------------------
   0 1 2 3 4 5 6 7 8 9 a b c d e f
 0 + + + + + + + + + + + + + + + +
 1 +                             +
 2 +           1                 +
 3 +       1 1 1   2 2           +
 4 +           1   2 2           +
 5 +         1   1 1 2           +
 6 +       1 1 1   1   2 2       +
 7 +         1   2 1 1   2       +
 8 +       1   2 2   2   2 2     +
 9 +       1 2 2   2 2 2         +
 a +       1     2     2         +
 b +       1 1   2               +
 c +     1   2 2 2               +
 d +     1 1                     +
 e +       1 1                   +
 f + + + + + + + + + + + + + + + +
---------------------------------------------------
turn 10
prev code = 53p3
TURN+1=11
serial prompt string: 453p3 (5 bytes)
(got from serial 1: 71o2)
----------------- Available Tiles -----------------
          a b c d e f g h i j k l m n o p q r s t u
Player 1: 1 1 1 1 1 1 1 1 1 1 0 1 1 1 1 0 1 0 0 1 0
Player 2: 1 1 1 1 1 1 1 1 1 1 1 1 0 1 0 1 0 0 0 0 1
---------------------- Board ----------------------
   0 1 2 3 4 5 6 7 8 9 a b c d e f
 0 + + + + + + + + + + + + + + + +
 1 +         2 2 2 2             +
 2 +           1 2               +
 3 +       1 1 1   2 2           +
 4 +           1   2 2           +
 5 +         1   1 1 2           +
 6 +       1 1 1   1   2 2       +
 7 +         1   2 1 1   2       +
 8 +       1   2 2   2   2 2     +
 9 +       1 2 2   2 2 2         +
 a +       1     2     2         +
 b +       1 1   2               +
 c +     1   2 2 2               +
 d +     1 1                     +
 e +       1 1                   +
 f + + + + + + + + + + + + + + + +
---------------------------------------------------
turn 11
prev code = 71o2
TURN+1=12
serial prompt string: 471o2 (5 bytes)
(got from serial 0: 24t4)
----------------- Available Tiles -----------------
          a b c d e f g h i j k l m n o p q r s t u
Player 1: 1 1 1 1 1 1 1 1 1 1 0 1 1 1 1 0 1 0 0 0 0
Player 2: 1 1 1 1 1 1 1 1 1 1 1 1 0 1 0 1 0 0 0 0 1
---------------------- Board ----------------------
   0 1 2 3 4 5 6 7 8 9 a b c d e f
 0 + + + + + + + + + + + + + + + +
 1 +         2 2 2 2             +
 2 +           1 2               +
 3 +   1   1 1 1   2 2           +
 4 + 1 1 1     1   2 2           +
 5 +     1   1   1 1 2           +
 6 +       1 1 1   1   2 2       +
 7 +         1   2 1 1   2       +
 8 +       1   2 2   2   2 2     +
 9 +       1 2 2   2 2 2         +
 a +       1     2     2         +
 b +       1 1   2               +
 c +     1   2 2 2               +
 d +     1 1                     +
 e +       1 1                   +
 f + + + + + + + + + + + + + + + +
---------------------------------------------------
turn 12
prev code = 24t4
TURN+1=13
serial prompt string: 424t4 (5 bytes)
(got from serial 1: dau0)
----------------- Available Tiles -----------------
          a b c d e f g h i j k l m n o p q r s t u
Player 1: 1 1 1 1 1 1 1 1 1 1 0 1 1 1 1 0 1 0 0 0 0
Player 2: 1 1 1 1 1 1 1 1 1 1 1 1 0 1 0 1 0 0 0 0 0
---------------------- Board ----------------------
   0 1 2 3 4 5 6 7 8 9 a b c d e f
 0 + + + + + + + + + + + + + + + +
 1 +         2 2 2 2             +
 2 +           1 2               +
 3 +   1   1 1 1   2 2           +
 4 + 1 1 1     1   2 2           +
 5 +     1   1   1 1 2           +
 6 +       1 1 1   1   2 2       +
 7 +         1   2 1 1   2       +
 8 +       1   2 2   2   2 2     +
 9 +       1 2 2   2 2 2     2   +
 a +       1     2     2   2 2 2 +
 b +       1 1   2           2   +
 c +     1   2 2 2               +
 d +     1 1                     +
 e +       1 1                   +
 f + + + + + + + + + + + + + + + +
---------------------------------------------------
turn 13
prev code = dau0
TURN+1=14
serial prompt string: 4dau0 (5 bytes)
(got from serial 0: 31o2)
----------------- Available Tiles -----------------
          a b c d e f g h i j k l m n o p q r s t u
Player 1: 1 1 1 1 1 1 1 1 1 1 0 1 1 1 0 0 1 0 0 0 0
Player 2: 1 1 1 1 1 1 1 1 1 1 1 1 0 1 0 1 0 0 0 0 0
---------------------- Board ----------------------
   0 1 2 3 4 5 6 7 8 9 a b c d e f
 0 + + + + + + + + + + + + + + + +
 1 + 1 1 1 1 2 2 2 2             +
 2 +     1     1 2               +
 3 +   1   1 1 1   2 2           +
 4 + 1 1 1     1   2 2           +
 5 +     1   1   1 1 2           +
 6 +       1 1 1   1   2 2       +
 7 +         1   2 1 1   2       +
 8 +       1   2 2   2   2 2     +
 9 +       1 2 2   2 2 2     2   +
 a +       1     2     2   2 2 2 +
 b +       1 1   2           2   +
 c +     1   2 2 2               +
 d +     1 1                     +
 e +       1 1                   +
 f + + + + + + + + + + + + + + + +
---------------------------------------------------
turn 14
prev code = 31o2
TURN+1=15
serial prompt string: 431o2 (5 bytes)
(got from serial 1: adl3)
----------------- Available Tiles -----------------
          a b c d e f g h i j k l m n o p q r s t u
Player 1: 1 1 1 1 1 1 1 1 1 1 0 1 1 1 0 0 1 0 0 0 0
Player 2: 1 1 1 1 1 1 1 1 1 1 1 0 0 1 0 1 0 0 0 0 0
---------------------- Board ----------------------
   0 1 2 3 4 5 6 7 8 9 a b c d e f
 0 + + + + + + + + + + + + + + + +
 1 + 1 1 1 1 2 2 2 2             +
 2 +     1     1 2               +
 3 +   1   1 1 1   2 2           +
 4 + 1 1 1     1   2 2           +
 5 +     1   1   1 1 2           +
 6 +       1 1 1   1   2 2       +
 7 +         1   2 1 1   2       +
 8 +       1   2 2   2   2 2     +
 9 +       1 2 2   2 2 2     2   +
 a +       1     2     2   2 2 2 +
 b +       1 1   2           2   +
 c +     1   2 2 2     2 2       +
 d +     1 1       2 2 2         +
 e +       1 1                   +
 f + + + + + + + + + + + + + + + +
---------------------------------------------------
turn 15
prev code = adl3
TURN+1=16
serial prompt string: 4adl3 (5 bytes)
(got from serial 0: 27m2)
----------------- Available Tiles -----------------
          a b c d e f g h i j k l m n o p q r s t u
Player 1: 1 1 1 1 1 1 1 1 1 1 0 1 0 1 0 0 1 0 0 0 0
Player 2: 1 1 1 1 1 1 1 1 1 1 1 0 0 1 0 1 0 0 0 0 0
---------------------- Board ----------------------
   0 1 2 3 4 5 6 7 8 9 a b c d e f
 0 + + + + + + + + + + + + + + + +
 1 + 1 1 1 1 2 2 2 2             +
 2 +     1     1 2               +
 3 +   1   1 1 1   2 2           +
 4 + 1 1 1     1   2 2           +
 5 +     1   1   1 1 2           +
 6 + 1 1   1 1 1   1   2 2       +
 7 + 1 1 1   1   2 1 1   2       +
 8 +       1   2 2   2   2 2     +
 9 +       1 2 2   2 2 2     2   +
 a +       1     2     2   2 2 2 +
 b +       1 1   2           2   +
 c +     1   2 2 2     2 2       +
 d +     1 1       2 2 2         +
 e +       1 1                   +
 f + + + + + + + + + + + + + + + +
---------------------------------------------------
turn 16
prev code = 27m2
TURN+1=17
serial prompt string: 427m2 (5 bytes)
(got from serial 1: d4p0)
----------------- Available Tiles -----------------
          a b c d e f g h i j k l m n o p q r s t u
Player 1: 1 1 1 1 1 1 1 1 1 1 0 1 0 1 0 0 1 0 0 0 0
Player 2: 1 1 1 1 1 1 1 1 1 1 1 0 0 1 0 0 0 0 0 0 0
---------------------- Board ----------------------
   0 1 2 3 4 5 6 7 8 9 a b c d e f
 0 + + + + + + + + + + + + + + + +
 1 + 1 1 1 1 2 2 2 2             +
 2 +     1     1 2               +
 3 +   1   1 1 1   2 2       2   +
 4 + 1 1 1     1   2 2       2   +
 5 +     1   1   1 1 2     2 2 2 +
 6 + 1 1   1 1 1   1   2 2       +
 7 + 1 1 1   1   2 1 1   2       +
 8 +       1   2 2   2   2 2     +
 9 +       1 2 2   2 2 2     2   +
 a +       1     2     2   2 2 2 +
 b +       1 1   2           2   +
 c +     1   2 2 2     2 2       +
 d +     1 1       2 2 2         +
 e +       1 1                   +
 f + + + + + + + + + + + + + + + +
---------------------------------------------------
turn 17
prev code = d4p0
TURN+1=18
serial prompt string: 4d4p0 (5 bytes)
(got from serial 0: 7el2)
----------------- Available Tiles -----------------
          a b c d e f g h i j k l m n o p q r s t u
Player 1: 1 1 1 1 1 1 1 1 1 1 0 0 0 1 0 0 1 0 0 0 0
Player 2: 1 1 1 1 1 1 1 1 1 1 1 0 0 1 0 0 0 0 0 0 0
---------------------- Board ----------------------
   0 1 2 3 4 5 6 7 8 9 a b c d e f
 0 + + + + + + + + + + + + + + + +
 1 + 1 1 1 1 2 2 2 2             +
 2 +     1     1 2               +
 3 +   1   1 1 1   2 2       2   +
 4 + 1 1 1     1   2 2       2   +
 5 +     1   1   1 1 2     2 2 2 +
 6 + 1 1   1 1 1   1   2 2       +
 7 + 1 1 1   1   2 1 1   2       +
 8 +       1   2 2   2   2 2     +
 9 +       1 2 2   2 2 2     2   +
 a +       1     2     2   2 2 2 +
 b +       1 1   2           2   +
 c +     1   2 2 2     2 2       +
 d +     1 1   1 1 2 2 2         +
 e +       1 1   1 1 1           +
 f + + + + + + + + + + + + + + + +
---------------------------------------------------
turn 18
prev code = 7el2
TURN+1=19
serial prompt string: 47el2 (5 bytes)
(got from serial 1: eca0)
----------------- Available Tiles -----------------
          a b c d e f g h i j k l m n o p q r s t u
Player 1: 1 1 1 1 1 1 1 1 1 1 0 0 0 1 0 0 1 0 0 0 0
Player 2: 0 1 1 1 1 1 1 1 1 1 1 0 0 1 0 0 0 0 0 0 0
---------------------- Board ----------------------
   0 1 2 3 4 5 6 7 8 9 a b c d e f
 0 + + + + + + + + + + + + + + + +
 1 + 1 1 1 1 2 2 2 2             +
 2 +     1     1 2               +
 3 +   1   1 1 1   2 2       2   +
 4 + 1 1 1     1   2 2       2   +
 5 +     1   1   1 1 2     2 2 2 +
 6 + 1 1   1 1 1   1   2 2       +
 7 + 1 1 1   1   2 1 1   2       +
 8 +       1   2 2   2   2 2     +
 9 +       1 2 2   2 2 2     2   +
 a +       1     2     2   2 2 2 +
 b +       1 1   2           2   +
 c +     1   2 2 2     2 2     2 +
 d +     1 1   1 1 2 2 2         +
 e +       1 1   1 1 1           +
 f + + + + + + + + + + + + + + + +
---------------------------------------------------
turn 19
prev code = eca0
TURN+1=20
serial prompt string: 4eca0 (5 bytes)
(got from serial 0: a8a0)
----------------- Available Tiles -----------------
          a b c d e f g h i j k l m n o p q r s t u
Player 1: 0 1 1 1 1 1 1 1 1 1 0 0 0 1 0 0 1 0 0 0 0
Player 2: 0 1 1 1 1 1 1 1 1 1 1 0 0 1 0 0 0 0 0 0 0
---------------------- Board ----------------------
   0 1 2 3 4 5 6 7 8 9 a b c d e f
 0 + + + + + + + + + + + + + + + +
 1 + 1 1 1 1 2 2 2 2             +
 2 +     1     1 2               +
 3 +   1   1 1 1   2 2       2   +
 4 + 1 1 1     1   2 2       2   +
 5 +     1   1   1 1 2     2 2 2 +
 6 + 1 1   1 1 1   1   2 2       +
 7 + 1 1 1   1   2 1 1   2       +
 8 +       1   2 2   2 1 2 2     +
 9 +       1 2 2   2 2 2     2   +
 a +       1     2     2   2 2 2 +
 b +       1 1   2           2   +
 c +     1   2 2 2     2 2     2 +
 d +     1 1   1 1 2 2 2         +
 e +       1 1   1 1 1           +
 f + + + + + + + + + + + + + + + +
---------------------------------------------------
turn 20
prev code = a8a0
TURN+1=21
serial prompt string: 4a8a0 (5 bytes)
(got from serial 1: ceg6)
----------------- Available Tiles -----------------
          a b c d e f g h i j k l m n o p q r s t u
Player 1: 0 1 1 1 1 1 1 1 1 1 0 0 0 1 0 0 1 0 0 0 0
Player 2: 0 1 1 1 1 1 0 1 1 1 1 0 0 1 0 0 0 0 0 0 0
---------------------- Board ----------------------
   0 1 2 3 4 5 6 7 8 9 a b c d e f
 0 + + + + + + + + + + + + + + + +
 1 + 1 1 1 1 2 2 2 2             +
 2 +     1     1 2               +
 3 +   1   1 1 1   2 2       2   +
 4 + 1 1 1     1   2 2       2   +
 5 +     1   1   1 1 2     2 2 2 +
 6 + 1 1   1 1 1   1   2 2       +
 7 + 1 1 1   1   2 1 1   2       +
 8 +       1   2 2   2 1 2 2     +
 9 +       1 2 2   2 2 2     2   +
 a +       1     2     2   2 2 2 +
 b +       1 1   2           2   +
 c +     1   2 2 2     2 2     2 +
 d +     1 1   1 1 2 2 2   2     +
 e +       1 1   1 1 1   2 2 2   +
 f + + + + + + + + + + + + + + + +
---------------------------------------------------
turn 21
prev code = ceg6
TURN+1=22
serial prompt string: 4ceg6 (5 bytes)
(got from serial 0: ban1)
----------------- Available Tiles -----------------
          a b c d e f g h i j k l m n o p q r s t u
Player 1: 0 1 1 1 1 1 1 1 1 1 0 0 0 0 0 0 1 0 0 0 0
Player 2: 0 1 1 1 1 1 0 1 1 1 1 0 0 1 0 0 0 0 0 0 0
---------------------- Board ----------------------
   0 1 2 3 4 5 6 7 8 9 a b c d e f
 0 + + + + + + + + + + + + + + + +
 1 + 1 1 1 1 2 2 2 2             +
 2 +     1     1 2               +
 3 +   1   1 1 1   2 2       2   +
 4 + 1 1 1     1   2 2       2   +
 5 +     1   1   1 1 2     2 2 2 +
 6 + 1 1   1 1 1   1   2 2       +
 7 + 1 1 1   1   2 1 1   2       +
 8 +       1   2 2   2 1 2 2     +
 9 +       1 2 2   2 2 2 1 1 2   +
 a +       1     2     2 1 2 2 2 +
 b +       1 1   2       1 1 2   +
 c +     1   2 2 2     2 2     2 +
 d +     1 1   1 1 2 2 2   2     +
 e +       1 1   1 1 1   2 2 2   +
 f + + + + + + + + + + + + + + + +
---------------------------------------------------
turn 22
prev code = ban1
TURN+1=23
serial prompt string: 4ban1 (5 bytes)
(got from serial 1: b2n2)
----------------- Available Tiles -----------------
          a b c d e f g h i j k l m n o p q r s t u
Player 1: 0 1 1 1 1 1 1 1 1 1 0 0 0 0 0 0 1 0 0 0 0
Player 2: 0 1 1 1 1 1 0 1 1 1 1 0 0 0 0 0 0 0 0 0 0
---------------------- Board ----------------------
   0 1 2 3 4 5 6 7 8 9 a b c d e f
 0 + + + + + + + + + + + + + + + +
 1 + 1 1 1 1 2 2 2 2   2   2     +
 2 +     1     1 2     2 2 2     +
 3 +   1   1 1 1   2 2       2   +
 4 + 1 1 1     1   2 2       2   +
 5 +     1   1   1 1 2     2 2 2 +
 6 + 1 1   1 1 1   1   2 2       +
 7 + 1 1 1   1   2 1 1   2       +
 8 +       1   2 2   2 1 2 2     +
 9 +       1 2 2   2 2 2 1 1 2   +
 a +       1     2     2 1 2 2 2 +
 b +       1 1   2       1 1 2   +
 c +     1   2 2 2     2 2     2 +
 d +     1 1   1 1 2 2 2   2     +
 e +       1 1   1 1 1   2 2 2   +
 f + + + + + + + + + + + + + + + +
---------------------------------------------------
turn 23
prev code = b2n2
TURN+1=24
serial prompt string: 4b2n2 (5 bytes)
(got from serial 0: c7i3)
----------------- Available Tiles -----------------
          a b c d e f g h i j k l m n o p q r s t u
Player 1: 0 1 1 1 1 1 1 1 0 1 0 0 0 0 0 0 1 0 0 0 0
Player 2: 0 1 1 1 1 1 0 1 1 1 1 0 0 0 0 0 0 0 0 0 0
---------------------- Board ----------------------
   0 1 2 3 4 5 6 7 8 9 a b c d e f
 0 + + + + + + + + + + + + + + + +
 1 + 1 1 1 1 2 2 2 2   2   2     +
 2 +     1     1 2     2 2 2     +
 3 +   1   1 1 1   2 2       2   +
 4 + 1 1 1     1   2 2       2   +
 5 +     1   1   1 1 2     2 2 2 +
 6 + 1 1   1 1 1   1   2 2 1     +
 7 + 1 1 1   1   2 1 1   2 1 1   +
 8 +       1   2 2   2 1 2 2 1   +
 9 +       1 2 2   2 2 2 1 1 2   +
 a +       1     2     2 1 2 2 2 +
 b +       1 1   2       1 1 2   +
 c +     1   2 2 2     2 2     2 +
 d +     1 1   1 1 2 2 2   2     +
 e +       1 1   1 1 1   2 2 2   +
 f + + + + + + + + + + + + + + + +
---------------------------------------------------
turn 24
prev code = c7i3
TURN+1=25
serial prompt string: 4c7i3 (5 bytes)
(got from serial 1: 0000)
turn 25
prev code = 0000
TURN+1=26
serial prompt string: 40000 (5 bytes)
(got from serial 0: 8bg0)
----------------- Available Tiles -----------------
          a b c d e f g h i j k l m n o p q r s t u
Player 1: 0 1 1 1 1 1 0 1 0 1 0 0 0 0 0 0 1 0 0 0 0
Player 2: 0 1 1 1 1 1 0 1 1 1 1 0 0 0 0 0 0 0 0 0 0
---------------------- Board ----------------------
   0 1 2 3 4 5 6 7 8 9 a b c d e f
 0 + + + + + + + + + + + + + + + +
 1 + 1 1 1 1 2 2 2 2   2   2     +
 2 +     1     1 2     2 2 2     +
 3 +   1   1 1 1   2 2       2   +
 4 + 1 1 1     1   2 2       2   +
 5 +     1   1   1 1 2     2 2 2 +
 6 + 1 1   1 1 1   1   2 2 1     +
 7 + 1 1 1   1   2 1 1   2 1 1   +
 8 +       1   2 2   2 1 2 2 1   +
 9 +       1 2 2   2 2 2 1 1 2   +
 a +       1     2 1   2 1 2 2 2 +
 b +       1 1   2 1 1   1 1 2   +
 c +     1   2 2 2 1   2 2     2 +
 d +     1 1   1 1 2 2 2   2     +
 e +       1 1   1 1 1   2 2 2   +
 f + + + + + + + + + + + + + + + +
---------------------------------------------------
turn 26
prev code = 8bg0
TURN+1=27
serial prompt string: 48bg0 (5 bytes)
(got from serial 1: 0000)
turn 27
prev code = 0000
TURN+1=28
serial prompt string: 40000 (5 bytes)
(got from serial 0: a4f1)
----------------- Available Tiles -----------------
          a b c d e f g h i j k l m n o p q r s t u
Player 1: 0 1 1 1 1 0 0 1 0 1 0 0 0 0 0 0 1 0 0 0 0
Player 2: 0 1 1 1 1 1 0 1 1 1 1 0 0 0 0 0 0 0 0 0 0
---------------------- Board ----------------------
   0 1 2 3 4 5 6 7 8 9 a b c d e f
 0 + + + + + + + + + + + + + + + +
 1 + 1 1 1 1 2 2 2 2   2   2     +
 2 +     1     1 2     2 2 2     +
 3 +   1   1 1 1   2 2 1     2   +
 4 + 1 1 1     1   2 2 1     2   +
 5 +     1   1   1 1 2 1 1 2 2 2 +
 6 + 1 1   1 1 1   1   2 2 1     +
 7 + 1 1 1   1   2 1 1   2 1 1   +
 8 +       1   2 2   2 1 2 2 1   +
 9 +       1 2 2   2 2 2 1 1 2   +
 a +       1     2 1   2 1 2 2 2 +
 b +       1 1   2 1 1   1 1 2   +
 c +     1   2 2 2 1   2 2     2 +
 d +     1 1   1 1 2 2 2   2     +
 e +       1 1   1 1 1   2 2 2   +
 f + + + + + + + + + + + + + + + +
---------------------------------------------------
turn 28
prev code = a4f1
TURN+1=29
serial prompt string: 4a4f1 (5 bytes)
(got from serial 1: 0000)
turn 29
prev code = 0000
TURN+1=30
serial prompt string: 40000 (5 bytes)
(got from serial 0: 1ah0)
----------------- Available Tiles -----------------
          a b c d e f g h i j k l m n o p q r s t u
Player 1: 0 1 1 1 1 0 0 0 0 1 0 0 0 0 0 0 1 0 0 0 0
Player 2: 0 1 1 1 1 1 0 1 1 1 1 0 0 0 0 0 0 0 0 0 0
---------------------- Board ----------------------
   0 1 2 3 4 5 6 7 8 9 a b c d e f
 0 + + + + + + + + + + + + + + + +
 1 + 1 1 1 1 2 2 2 2   2   2     +
 2 +     1     1 2     2 2 2     +
 3 +   1   1 1 1   2 2 1     2   +
 4 + 1 1 1     1   2 2 1     2   +
 5 +     1   1   1 1 2 1 1 2 2 2 +
 6 + 1 1   1 1 1   1   2 2 1     +
 7 + 1 1 1   1   2 1 1   2 1 1   +
 8 +       1   2 2   2 1 2 2 1   +
 9 +       1 2 2   2 2 2 1 1 2   +
 a + 1 1   1     2 1   2 1 2 2 2 +
 b + 1 1   1 1   2 1 1   1 1 2   +
 c +     1   2 2 2 1   2 2     2 +
 d +     1 1   1 1 2 2 2   2     +
 e +       1 1   1 1 1   2 2 2   +
 f + + + + + + + + + + + + + + + +
---------------------------------------------------
turn 30
prev code = 1ah0
TURN+1=31
serial prompt string: 41ah0 (5 bytes)
(got from serial 1: 0000)
turn 31
prev code = 0000
TURN+1=32
serial prompt string: 40000 (5 bytes)
(got from serial 0: 92d1)
----------------- Available Tiles -----------------
          a b c d e f g h i j k l m n o p q r s t u
Player 1: 0 1 1 0 1 0 0 0 0 1 0 0 0 0 0 0 1 0 0 0 0
Player 2: 0 1 1 1 1 1 0 1 1 1 1 0 0 0 0 0 0 0 0 0 0
---------------------- Board ----------------------
   0 1 2 3 4 5 6 7 8 9 a b c d e f
 0 + + + + + + + + + + + + + + + +
 1 + 1 1 1 1 2 2 2 2 1 2   2     +
 2 +     1     1 2 1 1 2 2 2     +
 3 +   1   1 1 1   2 2 1     2   +
 4 + 1 1 1     1   2 2 1     2   +
 5 +     1   1   1 1 2 1 1 2 2 2 +
 6 + 1 1   1 1 1   1   2 2 1     +
 7 + 1 1 1   1   2 1 1   2 1 1   +
 8 +       1   2 2   2 1 2 2 1   +
 9 +       1 2 2   2 2 2 1 1 2   +
 a + 1 1   1     2 1   2 1 2 2 2 +
 b + 1 1   1 1   2 1 1   1 1 2   +
 c +     1   2 2 2 1   2 2     2 +
 d +     1 1   1 1 2 2 2   2     +
 e +       1 1   1 1 1   2 2 2   +
 f + + + + + + + + + + + + + + + +
---------------------------------------------------
turn 32
prev code = 92d1
TURN+1=33
serial prompt string: 492d1 (5 bytes)
(got from serial 1: 0000)
turn 33
prev code = 0000
TURN+1=34
serial prompt string: 40000 (5 bytes)
(got from serial 0: c3b0)
----------------- Available Tiles -----------------
          a b c d e f g h i j k l m n o p q r s t u
Player 1: 0 0 1 0 1 0 0 0 0 1 0 0 0 0 0 0 1 0 0 0 0
Player 2: 0 1 1 1 1 1 0 1 1 1 1 0 0 0 0 0 0 0 0 0 0
---------------------- Board ----------------------
   0 1 2 3 4 5 6 7 8 9 a b c d e f
 0 + + + + + + + + + + + + + + + +
 1 + 1 1 1 1 2 2 2 2 1 2   2     +
 2 +     1     1 2 1 1 2 2 2     +
 3 +   1   1 1 1   2 2 1   1 2   +
 4 + 1 1 1     1   2 2 1   1 2   +
 5 +     1   1   1 1 2 1 1 2 2 2 +
 6 + 1 1   1 1 1   1   2 2 1     +
 7 + 1 1 1   1   2 1 1   2 1 1   +
 8 +       1   2 2   2 1 2 2 1   +
 9 +       1 2 2   2 2 2 1 1 2   +
 a + 1 1   1     2 1   2 1 2 2 2 +
 b + 1 1   1 1   2 1 1   1 1 2   +
 c +     1   2 2 2 1   2 2     2 +
 d +     1 1   1 1 2 2 2   2     +
 e +       1 1   1 1 1   2 2 2   +
 f + + + + + + + + + + + + + + + +
---------------------------------------------------
turn 34
prev code = c3b0
TURN+1=35
serial prompt string: 4c3b0 (5 bytes)
(got from serial 1: e7b0)
----------------- Available Tiles -----------------
          a b c d e f g h i j k l m n o p q r s t u
Player 1: 0 0 1 0 1 0 0 0 0 1 0 0 0 0 0 0 1 0 0 0 0
Player 2: 0 0 1 1 1 1 0 1 1 1 1 0 0 0 0 0 0 0 0 0 0
---------------------- Board ----------------------
   0 1 2 3 4 5 6 7 8 9 a b c d e f
 0 + + + + + + + + + + + + + + + +
 1 + 1 1 1 1 2 2 2 2 1 2   2     +
 2 +     1     1 2 1 1 2 2 2     +
 3 +   1   1 1 1   2 2 1   1 2   +
 4 + 1 1 1     1   2 2 1   1 2   +
 5 +     1   1   1 1 2 1 1 2 2 2 +
 6 + 1 1   1 1 1   1   2 2 1     +
 7 + 1 1 1   1   2 1 1   2 1 1 2 +
 8 +       1   2 2   2 1 2 2 1 2 +
 9 +       1 2 2   2 2 2 1 1 2   +
 a + 1 1   1     2 1   2 1 2 2 2 +
 b + 1 1   1 1   2 1 1   1 1 2   +
 c +     1   2 2 2 1   2 2     2 +
 d +     1 1   1 1 2 2 2   2     +
 e +       1 1   1 1 1   2 2 2   +
 f + + + + + + + + + + + + + + + +
---------------------------------------------------
turn 35
prev code = e7b0
TURN+1=36
serial prompt string: 4e7b0 (5 bytes)
(got from serial 0: 0000)
turn 36
prev code = 0000
TURN+1=37
serial prompt string: 40000 (5 bytes)
(got from serial 1: 0000)
Both pass!
** Tiles: 17 / 32, Score: -17 / -32. Player 1 won the game!
